<?xml version="1.0" encoding="UTF-8"?>
<!-- Generated by org.testng.reporters.JUnitXMLReporter -->
<testsuite ignored="0" hostname="DESKTOP-2KJ4APB" failures="0" tests="1" name="Test" time="0.044" errors="0" timestamp="2023-09-18T13:27:13 IST">
  <testcase classname="com.sk.automation_framework_from_scratch.LoginTest" name="@BeforeTest setUp" time="0.001">
    <failure type="java.lang.NullPointerException" message="Cannot invoke &amp;quot;org.openqa.selenium.WebDriver.get(String)&amp;quot; because &amp;quot;this.driver&amp;quot; is null">
      <![CDATA[java.lang.NullPointerException: Cannot invoke "org.openqa.selenium.WebDriver.get(String)" because "this.driver" is null
at com.sk.automation_framework_from_scratch.LoginTest.setUp(LoginTest.java:21)
... Removed 24 stack frames]]>
    </failure>
  </testcase> <!-- @BeforeTest setUp -->
  <testcase classname="com.sk.automation_framework_from_scratch.LoginTest" name="@AfterTest discontinueBrowser" time="-1.695023833078E9">
    <skipped/>
  </testcase> <!-- @AfterTest discontinueBrowser -->
  <testcase classname="com.sk.automation_framework_from_scratch.BaseTest" name="@AfterTest afterSuite" time="-1.695023833079E9">
    <skipped/>
  </testcase> <!-- @AfterTest afterSuite -->
  <testcase classname="com.sk.automation_framework_from_scratch.LoginTest" name="validLoginTest" time="0.0">
    <skipped/>
  </testcase> <!-- validLoginTest -->
</testsuite> <!-- Test -->
